workspace/projects/SampleApp/CBSample/proguard/seeds.txt
com.chartboost.sdk.CBImpressionActivity
com.chartboost.sdk.CBImpressionActivity: java.lang.String PARAM_FULLSCREEN
com.chartboost.sdk.CBImpressionActivity: com.chartboost.sdk.Chartboost a
com.chartboost.sdk.CBImpressionActivity: CBImpressionActivity()
com.chartboost.sdk.CBImpressionActivity: void onCreate(android.os.Bundle)
com.chartboost.sdk.CBImpressionActivity: void onStart()
com.chartboost.sdk.CBImpressionActivity: void onStop()
com.chartboost.sdk.CBImpressionActivity: void onDestroy()
com.chartboost.sdk.CBImpressionActivity: void onBackPressed()
com.chartboost.sdk.CBPreferences
com.chartboost.sdk.CBPreferences: java.lang.String a
com.chartboost.sdk.CBPreferences: java.lang.String b
com.chartboost.sdk.CBPreferences: com.chartboost.sdk.ChartboostDelegate c
com.chartboost.sdk.CBPreferences: int d
com.chartboost.sdk.CBPreferences: boolean e
com.chartboost.sdk.CBPreferences: com.chartboost.sdk.Libraries.CBOrientation f
com.chartboost.sdk.CBPreferences: boolean g
com.chartboost.sdk.CBPreferences: boolean h
com.chartboost.sdk.CBPreferences: boolean i
com.chartboost.sdk.CBPreferences: java.lang.String j
com.chartboost.sdk.CBPreferences: com.chartboost.sdk.Chartboost k
com.chartboost.sdk.CBPreferences: boolean l
com.chartboost.sdk.CBPreferences: com.chartboost.sdk.CBPreferences m
com.chartboost.sdk.CBPreferences: CBPreferences()
com.chartboost.sdk.CBPreferences: com.chartboost.sdk.CBPreferences getInstance()
com.chartboost.sdk.CBPreferences: int getTimeout()
com.chartboost.sdk.CBPreferences: void setTimeout(int)
com.chartboost.sdk.CBPreferences: void setUserAgentSuffix(java.lang.String)
com.chartboost.sdk.CBPreferences: java.lang.String getUserAgentSuffix()
com.chartboost.sdk.CBPreferences: java.lang.String getAppID()
com.chartboost.sdk.CBPreferences: void setAppID(java.lang.String)
com.chartboost.sdk.CBPreferences: java.lang.String getAppSignature()
com.chartboost.sdk.CBPreferences: void setAppSignature(java.lang.String)
com.chartboost.sdk.CBPreferences: com.chartboost.sdk.ChartboostDelegate getDelegate()
com.chartboost.sdk.Chartboost
com.chartboost.sdk.Chartboost: com.chartboost.sdk.Chartboost d
com.chartboost.sdk.Chartboost: android.content.Context e
com.chartboost.sdk.Chartboost: com.chartboost.sdk.CBImpressionActivity f
com.chartboost.sdk.Chartboost: com.chartboost.sdk.a g
com.chartboost.sdk.Chartboost: com.chartboost.sdk.Model.a h
com.chartboost.sdk.Chartboost: com.chartboost.sdk.Libraries.h a
com.chartboost.sdk.Chartboost: com.chartboost.sdk.CBPreferences i
com.chartboost.sdk.Chartboost: com.chartboost.sdk.impl.l j
com.chartboost.sdk.Chartboost: boolean k
com.chartboost.sdk.Chartboost: com.chartboost.sdk.impl.i b
com.chartboost.sdk.Chartboost: android.os.Handler c
com.chartboost.sdk.Chartboost: boolean l
com.chartboost.sdk.Chartboost: android.util.SparseBooleanArray m
com.chartboost.sdk.Chartboost: com.chartboost.sdk.b n
com.chartboost.sdk.Chartboost: long o
com.chartboost.sdk.Chartboost: long p
com.chartboost.sdk.Chartboost: boolean q
com.chartboost.sdk.Chartboost: boolean r
com.chartboost.sdk.Chartboost: java.lang.Runnable s
com.chartboost.sdk.Chartboost: Chartboost()
com.chartboost.sdk.Chartboost: com.chartboost.sdk.Chartboost sharedChartboost()
com.chartboost.sdk.Chartboost: com.chartboost.sdk.CBPreferences getPreferences()
com.chartboost.sdk.Chartboost: void startSession()
com.chartboost.sdk.Chartboost: android.content.Context getContext()
com.chartboost.sdk.Chartboost: com.chartboost.sdk.Chartboost getSharedChartboost()
com.chartboost.sdk.Chartboost$1
com.chartboost.sdk.Chartboost$1: com.chartboost.sdk.Chartboost a
com.chartboost.sdk.Chartboost$1: Chartboost$1(com.chartboost.sdk.Chartboost)
com.chartboost.sdk.Chartboost$1: void a(org.json.JSONObject,com.chartboost.sdk.impl.j)
com.chartboost.sdk.Chartboost$2
com.chartboost.sdk.Chartboost$2: com.chartboost.sdk.Chartboost a
com.chartboost.sdk.Chartboost$2: Chartboost$2(com.chartboost.sdk.Chartboost)
com.chartboost.sdk.Chartboost$2: void run()