workspace/projects/SampleApp/CBSample/proguard/mapping.txt
com.google.android.gms.wallet.LoyaltyWalletObject -> com.google.android.gms.wallet.LoyaltyWalletObject:
    android.os.Parcelable$Creator CREATOR -> CREATOR
    int iM -> f
    java.lang.String tU -> a
    java.lang.String tV -> b
    java.lang.String tW -> c
    java.lang.String tX -> d
    java.lang.String tY -> e
    int getVersionCode() -> a
    int describeContents() -> describeContents
    void writeToParcel(android.os.Parcel,int) -> writeToParcel
com.google.android.gms.wallet.MaskedWallet -> com.google.android.gms.wallet.MaskedWallet:
    android.os.Parcelable$Creator CREATOR -> CREATOR
    int iM -> i
    java.lang.String tH -> a
    java.lang.String tI -> b
    java.lang.String[] tN -> c
    java.lang.String tK -> d
    com.google.android.gms.wallet.Address tL -> e
    com.google.android.gms.wallet.Address tM -> f
    com.google.android.gms.wallet.LoyaltyWalletObject[] tZ -> g
    com.google.android.gms.wallet.OfferWalletObject[] ua -> h
    int getVersionCode() -> a
    int describeContents() -> describeContents
    void writeToParcel(android.os.Parcel,int) -> writeToParcel
com.google.android.gms.wallet.MaskedWalletRequest -> com.google.android.gms.wallet.MaskedWalletRequest:
    android.os.Parcelable$Creator CREATOR -> CREATOR
    int iM -> k
    java.lang.String tI -> a
    boolean ub -> b
    boolean uc -> c
    boolean ud -> d
    java.lang.String ue -> e
    java.lang.String tE -> f
    java.lang.String uf -> g
    com.google.android.gms.wallet.Cart tO -> h
    boolean ug -> i
    boolean uh -> j
    int getVersionCode() -> a
    int describeContents() -> describeContents
    void writeToParcel(android.os.Parcel,int) -> writeToParcel
com.google.android.gms.wallet.NotifyTransactionStatusRequest -> com.google.android.gms.wallet.NotifyTransactionStatusRequest:
    android.os.Parcelable$Creator CREATOR -> CREATOR
    int iM -> a
    java.lang.String tH -> b
    int status -> c
    java.lang.String uj -> d
    int describeContents() -> describeContents
    void writeToParcel(android.os.Parcel,int) -> writeToParcel
com.google.android.gms.wallet.OfferWalletObject -> com.google.android.gms.wallet.OfferWalletObject:
    android.os.Parcelable$Creator CREATOR -> CREATOR
    int iM -> c
    java.lang.String tU -> a
    java.lang.String ul -> b
    int getVersionCode() -> a
    int describeContents() -> describeContents
    void writeToParcel(android.os.Parcel,int) -> writeToParcel
com.google.android.gms.wallet.ProxyCard -> com.google.android.gms.wallet.ProxyCard:
    android.os.Parcelable$Creator CREATOR -> CREATOR
    int iM -> e
    java.lang.String um -> a
    java.lang.String un -> b
    int uo -> c
    int up -> d
    int getVersionCode() -> a
    int describeContents() -> describeContents
    void writeToParcel(android.os.Parcel,int) -> writeToParcel
com.google.android.gms.wallet.a -> com.google.android.gms.wallet.a:
    com.google.android.gms.wallet.Address N(android.os.Parcel) -> a
    com.google.android.gms.wallet.Address[] as(int) -> a
    void a(com.google.android.gms.wallet.Address,android.os.Parcel,int) -> a
    java.lang.Object[] newArray(int) -> newArray
    java.lang.Object createFromParcel(android.os.Parcel) -> createFromParcel
com.google.android.gms.wallet.b -> com.google.android.gms.wallet.b:
    com.google.android.gms.wallet.Cart O(android.os.Parcel) -> a
    com.google.android.gms.wallet.Cart[] at(int) -> a
    void a(com.google.android.gms.wallet.Cart,android.os.Parcel,int) -> a
    java.lang.Object[] newArray(int) -> newArray
    java.lang.Object createFromParcel(android.os.Parcel) -> createFromParcel
com.google.android.gms.wallet.c -> com.google.android.gms.wallet.c:
    com.google.android.gms.wallet.FullWallet P(android.os.Parcel) -> a
    com.google.android.gms.wallet.FullWallet[] au(int) -> a
    void a(com.google.android.gms.wallet.FullWallet,android.os.Parcel,int) -> a
    java.lang.Object[] newArray(int) -> newArray
    java.lang.Object createFromParcel(android.os.Parcel) -> createFromParcel